

*******************************************************************************
Mon Apr 29 12:59:32 2019


FIT:    data read from 'Results.dat-ZIF-8-433K-methane' u 1:8
        format = x:z
        #datapoints = 21
        residuals are weighted equally (unit weight)

function used for fitting: q1(x)
	q1(x)=qsat1*b1*x/(1+b1*x)
fitted parameters initialized with current variable values

iter      chisq       delta/lim  lambda   qsat1         b1           
   0 9.7343810770e+00   0.00e+00  6.75e-01    1.000000e+00   1.000000e-01
 234 1.0758601659e-04  -7.31e-10  6.75e+06    6.847032e+00   1.175367e-07

After 234 iterations the fit converged.
final sum of squares of residuals : 0.000107586
rel. change during last iteration : -7.30622e-15

degrees of freedom    (FIT_NDF)                        : 19
rms of residuals      (FIT_STDFIT) = sqrt(WSSR/ndf)    : 0.00237958
variance of residuals (reduced chisquare) = WSSR/ndf   : 5.66242e-06

Final set of parameters            Asymptotic Standard Error
=======================            ==========================
qsat1           = 6.84703          +/- 0.125        (1.825%)
b1              = 1.17537e-07      +/- 2.49e-09     (2.119%)

correlation matrix of the fit parameters:
                qsat1  b1     
qsat1           1.000 
b1             -0.999  1.000 


*******************************************************************************
Mon Apr 29 12:59:32 2019


FIT:    data read from 'Results.dat-ZIF-8-433K-ethane' u 1:8
        format = x:z
        #datapoints = 21
        residuals are weighted equally (unit weight)

function used for fitting: q2(x)
	q2(x)=qsat2*b2*x/(1+b2*x)
fitted parameters initialized with current variable values

iter      chisq       delta/lim  lambda   qsat2         b2           
   0 1.8398015805e+01   0.00e+00  6.80e-01    1.000000e+00   2.000000e-01
 123 5.3393467914e-03  -1.61e-03  6.80e-06    6.373211e+00   4.854855e-07

After 123 iterations the fit converged.
final sum of squares of residuals : 0.00533935
rel. change during last iteration : -1.61273e-08

degrees of freedom    (FIT_NDF)                        : 19
rms of residuals      (FIT_STDFIT) = sqrt(WSSR/ndf)    : 0.0167636
variance of residuals (reduced chisquare) = WSSR/ndf   : 0.000281018

Final set of parameters            Asymptotic Standard Error
=======================            ==========================
qsat2           = 6.37321          +/- 0.09273      (1.455%)
b2              = 4.85485e-07      +/- 1.099e-08    (2.263%)

correlation matrix of the fit parameters:
                qsat2  b2     
qsat2           1.000 
b2             -0.984  1.000 
